mode: atomic
github.com/mikeschinkel/go-fsfix/dir_fixture.go:29.49,31.2 1 0
github.com/mikeschinkel/go-fsfix/dir_fixture.go:34.39,36.17 2 0
github.com/mikeschinkel/go-fsfix/dir_fixture.go:36.17,38.3 1 0
github.com/mikeschinkel/go-fsfix/dir_fixture.go:42.40,45.2 2 0
github.com/mikeschinkel/go-fsfix/dir_fixture.go:55.106,56.17 1 0
github.com/mikeschinkel/go-fsfix/dir_fixture.go:56.17,58.3 1 0
github.com/mikeschinkel/go-fsfix/dir_fixture.go:59.2,59.27 1 0
github.com/mikeschinkel/go-fsfix/dir_fixture.go:59.27,61.3 1 0
github.com/mikeschinkel/go-fsfix/dir_fixture.go:62.2,69.3 1 0
github.com/mikeschinkel/go-fsfix/dir_fixture.go:73.53,76.2 2 0
github.com/mikeschinkel/go-fsfix/dir_fixture.go:79.66,85.25 4 0
github.com/mikeschinkel/go-fsfix/dir_fixture.go:85.25,87.3 1 0
github.com/mikeschinkel/go-fsfix/dir_fixture.go:88.2,89.16 2 0
github.com/mikeschinkel/go-fsfix/dir_fixture.go:89.16,91.3 1 0
github.com/mikeschinkel/go-fsfix/dir_fixture.go:92.2,92.39 1 0
github.com/mikeschinkel/go-fsfix/dir_fixture.go:92.39,94.3 1 0
github.com/mikeschinkel/go-fsfix/dir_fixture.go:95.2,95.41 1 0
github.com/mikeschinkel/go-fsfix/dir_fixture.go:95.41,97.3 1 0
github.com/mikeschinkel/go-fsfix/dir_fixture.go:101.107,105.2 3 0
github.com/mikeschinkel/go-fsfix/dir_fixture.go:108.110,112.2 3 0
github.com/mikeschinkel/go-fsfix/dir_fixture.go:115.109,119.2 3 0
github.com/mikeschinkel/go-fsfix/dir_fixture.go:125.93,126.25 1 0
github.com/mikeschinkel/go-fsfix/dir_fixture.go:126.25,127.26 1 0
github.com/mikeschinkel/go-fsfix/dir_fixture.go:128.20,129.55 1 0
github.com/mikeschinkel/go-fsfix/dir_fixture.go:130.23,131.39 1 0
github.com/mikeschinkel/go-fsfix/dir_fixture.go:132.25,133.22 1 0
github.com/mikeschinkel/go-fsfix/dir_fixture.go:133.22,135.5 1 0
github.com/mikeschinkel/go-fsfix/dir_fixture.go:136.4,136.39 1 0
github.com/mikeschinkel/go-fsfix/dir_fixture.go:137.11,138.95 1 0
github.com/mikeschinkel/go-fsfix/file_fixture.go:42.108,43.17 1 0
github.com/mikeschinkel/go-fsfix/file_fixture.go:43.17,45.3 1 0
github.com/mikeschinkel/go-fsfix/file_fixture.go:46.2,46.27 1 0
github.com/mikeschinkel/go-fsfix/file_fixture.go:46.27,48.3 1 0
github.com/mikeschinkel/go-fsfix/file_fixture.go:49.2,49.30 1 0
github.com/mikeschinkel/go-fsfix/file_fixture.go:49.30,51.3 1 0
github.com/mikeschinkel/go-fsfix/file_fixture.go:52.2,62.3 1 0
github.com/mikeschinkel/go-fsfix/file_fixture.go:65.51,67.2 1 0
github.com/mikeschinkel/go-fsfix/file_fixture.go:70.57,76.2 5 0
github.com/mikeschinkel/go-fsfix/file_fixture.go:79.49,83.20 3 0
github.com/mikeschinkel/go-fsfix/file_fixture.go:83.20,84.11 1 0
github.com/mikeschinkel/go-fsfix/file_fixture.go:87.2,87.25 1 0
github.com/mikeschinkel/go-fsfix/file_fixture.go:87.25,89.3 1 0
github.com/mikeschinkel/go-fsfix/file_fixture.go:91.2,92.16 2 0
github.com/mikeschinkel/go-fsfix/file_fixture.go:92.16,94.3 1 0
github.com/mikeschinkel/go-fsfix/file_fixture.go:96.2,96.27 1 0
github.com/mikeschinkel/go-fsfix/file_fixture.go:96.27,98.3 1 0
github.com/mikeschinkel/go-fsfix/file_fixture.go:100.2,101.16 2 0
github.com/mikeschinkel/go-fsfix/file_fixture.go:101.16,103.3 1 0
github.com/mikeschinkel/go-fsfix/file_fixture.go:106.2,106.31 1 0
github.com/mikeschinkel/go-fsfix/file_fixture.go:106.31,108.17 2 0
github.com/mikeschinkel/go-fsfix/file_fixture.go:108.17,110.4 1 0
github.com/mikeschinkel/go-fsfix/repo_fixture.go:31.114,32.17 1 0
github.com/mikeschinkel/go-fsfix/repo_fixture.go:32.17,34.3 1 0
github.com/mikeschinkel/go-fsfix/repo_fixture.go:35.2,35.27 1 0
github.com/mikeschinkel/go-fsfix/repo_fixture.go:35.27,37.3 1 0
github.com/mikeschinkel/go-fsfix/repo_fixture.go:38.2,46.11 3 0
github.com/mikeschinkel/go-fsfix/repo_fixture.go:49.50,51.2 1 0
github.com/mikeschinkel/go-fsfix/repo_fixture.go:53.45,55.2 1 0
github.com/mikeschinkel/go-fsfix/repo_fixture.go:57.53,59.2 1 0
github.com/mikeschinkel/go-fsfix/repo_fixture.go:62.40,64.17 2 0
github.com/mikeschinkel/go-fsfix/repo_fixture.go:64.17,66.3 1 0
github.com/mikeschinkel/go-fsfix/repo_fixture.go:70.71,79.16 6 0
github.com/mikeschinkel/go-fsfix/repo_fixture.go:79.16,81.3 1 0
github.com/mikeschinkel/go-fsfix/repo_fixture.go:85.54,88.2 2 0
github.com/mikeschinkel/go-fsfix/repo_fixture.go:91.111,95.2 3 0
github.com/mikeschinkel/go-fsfix/repo_fixture.go:98.108,102.2 3 0
github.com/mikeschinkel/go-fsfix/repo_fixture.go:105.110,109.2 3 0
github.com/mikeschinkel/go-fsfix/repo_fixture.go:115.94,116.25 1 0
github.com/mikeschinkel/go-fsfix/repo_fixture.go:116.25,117.26 1 0
github.com/mikeschinkel/go-fsfix/repo_fixture.go:118.23,119.39 1 0
github.com/mikeschinkel/go-fsfix/repo_fixture.go:120.25,121.22 1 0
github.com/mikeschinkel/go-fsfix/repo_fixture.go:121.22,123.5 1 0
github.com/mikeschinkel/go-fsfix/repo_fixture.go:124.4,124.39 1 0
github.com/mikeschinkel/go-fsfix/repo_fixture.go:125.11,126.99 1 0
github.com/mikeschinkel/go-fsfix/root_fixture.go:26.50,28.2 1 0
github.com/mikeschinkel/go-fsfix/root_fixture.go:31.40,32.17 1 0
github.com/mikeschinkel/go-fsfix/root_fixture.go:32.17,34.3 1 0
github.com/mikeschinkel/go-fsfix/root_fixture.go:38.41,41.2 2 0
github.com/mikeschinkel/go-fsfix/root_fixture.go:44.62,45.77 1 0
github.com/mikeschinkel/go-fsfix/root_fixture.go:49.45,56.16 5 0
github.com/mikeschinkel/go-fsfix/root_fixture.go:56.16,58.3 1 0
github.com/mikeschinkel/go-fsfix/root_fixture.go:60.2,60.26 1 0
github.com/mikeschinkel/go-fsfix/root_fixture.go:60.26,62.17 2 0
github.com/mikeschinkel/go-fsfix/root_fixture.go:62.17,64.4 1 0
github.com/mikeschinkel/go-fsfix/root_fixture.go:69.2,69.38 1 0
github.com/mikeschinkel/go-fsfix/root_fixture.go:69.38,71.3 1 0
github.com/mikeschinkel/go-fsfix/root_fixture.go:74.2,74.37 1 0
github.com/mikeschinkel/go-fsfix/root_fixture.go:74.37,76.3 1 0
github.com/mikeschinkel/go-fsfix/root_fixture.go:81.52,87.2 1 0
github.com/mikeschinkel/go-fsfix/root_fixture.go:90.111,94.2 3 0
github.com/mikeschinkel/go-fsfix/root_fixture.go:97.108,102.2 4 0
github.com/mikeschinkel/go-fsfix/root_fixture.go:105.110,109.2 3 0
github.com/mikeschinkel/go-fsfix/root_fixture.go:112.45,115.2 2 0
github.com/mikeschinkel/go-fsfix/root_fixture.go:118.34,121.2 2 0
github.com/mikeschinkel/go-fsfix/root_fixture.go:124.50,132.22 6 0
github.com/mikeschinkel/go-fsfix/root_fixture.go:132.22,133.11 1 0
github.com/mikeschinkel/go-fsfix/root_fixture.go:137.2,140.22 2 0
github.com/mikeschinkel/go-fsfix/root_fixture.go:140.22,141.11 1 0
github.com/mikeschinkel/go-fsfix/root_fixture.go:147.2,149.24 2 0
github.com/mikeschinkel/go-fsfix/root_fixture.go:149.24,151.11 1 0
github.com/mikeschinkel/go-fsfix/root_fixture.go:155.2,158.24 2 0
github.com/mikeschinkel/go-fsfix/root_fixture.go:158.24,159.11 1 0
github.com/mikeschinkel/go-fsfix/root_fixture.go:165.2,166.16 2 0
github.com/mikeschinkel/go-fsfix/root_fixture.go:166.16,168.11 1 0
github.com/mikeschinkel/go-fsfix/root_fixture.go:171.2,171.16 1 0
github.com/mikeschinkel/go-fsfix/root_fixture.go:171.16,173.11 1 0
github.com/mikeschinkel/go-fsfix/root_fixture.go:176.2,176.27 1 0
github.com/mikeschinkel/go-fsfix/root_fixture.go:176.27,178.11 1 0
github.com/mikeschinkel/go-fsfix/root_fixture.go:187.2,188.16 2 0
github.com/mikeschinkel/go-fsfix/root_fixture.go:188.16,190.3 1 0
